<?xml version="1.0" encoding="UTF-8"?>
<robot generator="Robot 6.0.2 (Python 3.9.7 on darwin)" generated="20250526 20:35:49.174" rpa="false" schemaversion="3">
<suite id="s1" name="Login" source="/Users/ismail.abrahams/git-local/payflex-uat/Tests/login.robot">
<test id="s1-t1" name="Should be able to login with valid credentials" line="18">
<kw name="Open Browser" library="SeleniumLibrary">
<arg>https://customer.uat.payflex.co.za/customer/login</arg>
<arg>chrome</arg>
<doc>Opens a new browser instance to the optional ``url``.</doc>
<msg timestamp="20250526 20:35:49.913" level="INFO">Opening browser 'chrome' to base url 'https://customer.uat.payflex.co.za/customer/login'.</msg>
<status status="PASS" starttime="20250526 20:35:49.910" endtime="20250526 20:35:54.753"/>
</kw>
<kw name="Maximize Browser Window" library="SeleniumLibrary">
<doc>Maximizes current browser window.</doc>
<status status="PASS" starttime="20250526 20:35:54.755" endtime="20250526 20:35:55.151"/>
</kw>
<kw name="Input Text" library="SeleniumLibrary">
<arg>id=email</arg>
<arg>pftestfred+reg050@gmail.com</arg>
<doc>Types the given ``text`` into the text field identified by ``locator``.</doc>
<msg timestamp="20250526 20:35:55.156" level="INFO">Typing text 'pftestfred+reg050@gmail.com' into text field 'id=email'.</msg>
<status status="PASS" starttime="20250526 20:35:55.152" endtime="20250526 20:35:55.417"/>
</kw>
<kw name="Input Text" library="SeleniumLibrary">
<arg>id=password</arg>
<arg>Test!23456</arg>
<doc>Types the given ``text`` into the text field identified by ``locator``.</doc>
<msg timestamp="20250526 20:35:55.423" level="INFO">Typing text 'Test!23456' into text field 'id=password'.</msg>
<status status="PASS" starttime="20250526 20:35:55.418" endtime="20250526 20:35:55.549"/>
</kw>
<kw name="Click Element" library="SeleniumLibrary">
<arg>xpath=(//button[normalize-space()='Login'])[1]</arg>
<doc>Click the element identified by ``locator``.</doc>
<msg timestamp="20250526 20:35:55.553" level="INFO">Clicking element 'xpath=(//button[normalize-space()='Login'])[1]'.</msg>
<status status="PASS" starttime="20250526 20:35:55.550" endtime="20250526 20:35:55.707"/>
</kw>
<kw name="Wait Until Element Is Visible" library="SeleniumLibrary">
<arg>xpath=(//a[normalize-space()='Dashboard'])[1]</arg>
<arg>timeout=10s</arg>
<doc>Waits until the element ``locator`` is visible.</doc>
<status status="PASS" starttime="20250526 20:35:55.708" endtime="20250526 20:35:56.596"/>
</kw>
<kw name="Page Should Contain Element" library="SeleniumLibrary">
<arg>xpath=(//a[normalize-space()='Dashboard'])[1]</arg>
<doc>Verifies that element ``locator`` is found on the current page.</doc>
<msg timestamp="20250526 20:35:56.616" level="INFO">Current page contains element 'xpath=(//a[normalize-space()='Dashboard'])[1]'.</msg>
<status status="PASS" starttime="20250526 20:35:56.599" endtime="20250526 20:35:56.617"/>
</kw>
<kw name="Location Should Be" library="SeleniumLibrary">
<arg>https://customer.uat.payflex.co.za/customer/dashboard</arg>
<doc>Verifies that the current URL is exactly ``url``.</doc>
<msg timestamp="20250526 20:35:56.634" level="INFO">Current location is 'https://customer.uat.payflex.co.za/customer/dashboard'.</msg>
<status status="PASS" starttime="20250526 20:35:56.619" endtime="20250526 20:35:56.635"/>
</kw>
<kw name="Wait Until Element Is Visible" library="SeleniumLibrary">
<arg>xpath=//p[@class='email-icon']</arg>
<arg>timeout=10s</arg>
<doc>Waits until the element ``locator`` is visible.</doc>
<status status="PASS" starttime="20250526 20:35:56.637" endtime="20250526 20:35:56.944"/>
</kw>
<kw name="Element Should Contain" library="SeleniumLibrary">
<arg>xpath=//p[@class='email-icon']</arg>
<arg>pftestfred+reg050@gmail.com</arg>
<doc>Verifies that element ``locator`` contains text ``expected``.</doc>
<msg timestamp="20250526 20:35:56.979" level="INFO">Element 'xpath=//p[@class='email-icon']' contains text 'pftestfred+reg050@gmail.com'.</msg>
<status status="PASS" starttime="20250526 20:35:56.946" endtime="20250526 20:35:56.980"/>
</kw>
<kw name="Capture Page Screenshot" library="SeleniumLibrary">
<doc>Takes a screenshot of the current page and embeds it into a log file.</doc>
<msg timestamp="20250526 20:35:57.200" level="INFO" html="true">&lt;/td&gt;&lt;/tr&gt;&lt;tr&gt;&lt;td colspan="3"&gt;&lt;a href="selenium-screenshot-15.png"&gt;&lt;img src="selenium-screenshot-15.png" width="800px"&gt;&lt;/a&gt;</msg>
<status status="PASS" starttime="20250526 20:35:56.981" endtime="20250526 20:35:57.201"/>
</kw>
<kw name="Close Browser" library="SeleniumLibrary">
<doc>Closes the current browser.</doc>
<status status="PASS" starttime="20250526 20:35:57.203" endtime="20250526 20:35:57.440"/>
</kw>
<doc>This test case checks if the user can log in with valid credentials.</doc>
<status status="PASS" starttime="20250526 20:35:49.904" endtime="20250526 20:35:57.443"/>
</test>
<doc>This is to test the login functionality of the application.</doc>
<status status="PASS" starttime="20250526 20:35:49.189" endtime="20250526 20:35:57.450"/>
</suite>
<statistics>
<total>
<stat pass="1" fail="0" skip="0">All Tests</stat>
</total>
<tag>
</tag>
<suite>
<stat pass="1" fail="0" skip="0" id="s1" name="Login">Login</stat>
</suite>
</statistics>
<errors>
</errors>
</robot>
