<?xml version="1.0" encoding="UTF-8"?>
<robot generator="Robot 4.1.3 (Python 3.9.7 on darwin)" generated="20250625 19:02:08.464" rpa="false" schemaversion="2">
<suite id="s1" name="Booker uat" source="/Users/ismail.abrahams/git-local/Restful-booker/Tests/Booker_uat.robot">
<test id="s1-t1" name="Create a booking where the email is missing">
<kw name="Open Browser" library="SeleniumLibrary">
<arg>https://automationintesting.online/</arg>
<arg>chrome</arg>
<doc>Opens a new browser instance to the optional ``url``.</doc>
<msg timestamp="20250625 19:02:09.541" level="INFO">Opening browser 'chrome' to base url 'https://automationintesting.online/'.</msg>
<status status="PASS" starttime="20250625 19:02:09.540" endtime="20250625 19:02:12.199"/>
</kw>
<kw name="Maximize Browser Window" library="SeleniumLibrary">
<doc>Maximizes current browser window.</doc>
<status status="PASS" starttime="20250625 19:02:12.200" endtime="20250625 19:02:12.611"/>
</kw>
<kw name="Wait Until Element Is Visible" library="SeleniumLibrary">
<arg>xpath=//a[@class='nav-link'][normalize-space()='Rooms']</arg>
<arg>timeout=10s</arg>
<doc>Waits until the element ``locator`` is visible.</doc>
<status status="PASS" starttime="20250625 19:02:12.611" endtime="20250625 19:02:13.106"/>
</kw>
<kw name="Click Element" library="SeleniumLibrary">
<arg>xpath=//button[normalize-space()='Check Availability']</arg>
<doc>Click the element identified by ``locator``.</doc>
<msg timestamp="20250625 19:02:13.106" level="INFO">Clicking element 'xpath=//button[normalize-space()='Check Availability']'.</msg>
<status status="PASS" starttime="20250625 19:02:13.106" endtime="20250625 19:02:13.204"/>
</kw>
<kw name="Wait Until Element Is Visible" library="SeleniumLibrary">
<arg>xpath=(//a[@class='btn btn-primary'][normalize-space()='Book now'])[1]</arg>
<arg>timeout=10</arg>
<doc>Waits until the element ``locator`` is visible.</doc>
<status status="PASS" starttime="20250625 19:02:13.204" endtime="20250625 19:02:13.435"/>
</kw>
<kw name="Scroll Element Into View" library="SeleniumLibrary">
<arg>xpath=(//a[@class='btn btn-primary'][normalize-space()='Book now'])[1]</arg>
<doc>Scrolls the element identified by ``locator`` into view.</doc>
<status status="PASS" starttime="20250625 19:02:13.435" endtime="20250625 19:02:13.733"/>
</kw>
<kw name="Wait Until Element Is Enabled" library="SeleniumLibrary">
<arg>xpath=(//a[@class='btn btn-primary'][normalize-space()='Book now'])[1]</arg>
<arg>timeout=5</arg>
<doc>Waits until the element ``locator`` is enabled.</doc>
<status status="PASS" starttime="20250625 19:02:13.734" endtime="20250625 19:02:13.773"/>
</kw>
<kw name="Click Element" library="SeleniumLibrary">
<arg>xpath=(//a[@class='btn btn-primary'][normalize-space()='Book now'])[1]</arg>
<doc>Click the element identified by ``locator``.</doc>
<msg timestamp="20250625 19:02:13.774" level="INFO">Clicking element 'xpath=(//a[@class='btn btn-primary'][normalize-space()='Book now'])[1]'.</msg>
<status status="PASS" starttime="20250625 19:02:13.773" endtime="20250625 19:02:14.210"/>
</kw>
<kw name="Wait Until Element Is Visible" library="SeleniumLibrary">
<arg>id=doReservation</arg>
<arg>timeout=10</arg>
<doc>Waits until the element ``locator`` is visible.</doc>
<status status="PASS" starttime="20250625 19:02:14.211" endtime="20250625 19:02:14.659"/>
</kw>
<kw name="Scroll Element Into View" library="SeleniumLibrary">
<arg>id=doReservation</arg>
<doc>Scrolls the element identified by ``locator`` into view.</doc>
<status status="PASS" starttime="20250625 19:02:14.659" endtime="20250625 19:02:14.948"/>
</kw>
<kw name="Wait Until Element Is Enabled" library="SeleniumLibrary">
<arg>id=doReservation</arg>
<arg>timeout=5</arg>
<doc>Waits until the element ``locator`` is enabled.</doc>
<status status="PASS" starttime="20250625 19:02:14.948" endtime="20250625 19:02:14.972"/>
</kw>
<kw name="Click Element" library="SeleniumLibrary">
<arg>id=doReservation</arg>
<doc>Click the element identified by ``locator``.</doc>
<msg timestamp="20250625 19:02:14.972" level="INFO">Clicking element 'id=doReservation'.</msg>
<status status="PASS" starttime="20250625 19:02:14.972" endtime="20250625 19:02:15.029"/>
</kw>
<kw name="Input Text" library="SeleniumLibrary">
<arg>xpath=//input[@class='form-control room-firstname']</arg>
<arg>peter</arg>
<doc>Types the given ``text`` into the text field identified by ``locator``.</doc>
<msg timestamp="20250625 19:02:15.030" level="INFO">Typing text 'peter' into text field 'xpath=//input[@class='form-control room-firstname']'.</msg>
<status status="PASS" starttime="20250625 19:02:15.029" endtime="20250625 19:02:15.283"/>
</kw>
<kw name="Input Text" library="SeleniumLibrary">
<arg>xpath=//input[@class="form-control room-lastname"]</arg>
<arg>pan</arg>
<doc>Types the given ``text`` into the text field identified by ``locator``.</doc>
<msg timestamp="20250625 19:02:15.284" level="INFO">Typing text 'pan' into text field 'xpath=//input[@class="form-control room-lastname"]'.</msg>
<status status="PASS" starttime="20250625 19:02:15.284" endtime="20250625 19:02:15.357"/>
</kw>
<kw name="Input Text" library="SeleniumLibrary">
<arg>xpath=//input[@class="form-control room-phone"]</arg>
<arg>08765476542</arg>
<doc>Types the given ``text`` into the text field identified by ``locator``.</doc>
<msg timestamp="20250625 19:02:15.358" level="INFO">Typing text '08765476542' into text field 'xpath=//input[@class="form-control room-phone"]'.</msg>
<status status="PASS" starttime="20250625 19:02:15.358" endtime="20250625 19:02:15.445"/>
</kw>
<kw name="Click Element" library="SeleniumLibrary">
<arg>xpath=//button[ text() = 'Reserve Now']</arg>
<doc>Click the element identified by ``locator``.</doc>
<msg timestamp="20250625 19:02:15.445" level="INFO">Clicking element 'xpath=//button[ text() = 'Reserve Now']'.</msg>
<status status="PASS" starttime="20250625 19:02:15.445" endtime="20250625 19:02:15.507"/>
</kw>
<kw name="Wait Until Element Is Visible" library="SeleniumLibrary">
<arg>xpath=//li[normalize-space()='must not be empty']</arg>
<arg>timeout=10</arg>
<doc>Waits until the element ``locator`` is visible.</doc>
<status status="PASS" starttime="20250625 19:02:15.507" endtime="20250625 19:02:15.756"/>
</kw>
<kw name="Wait Until Element Is Enabled" library="SeleniumLibrary">
<arg>xpath=//li[normalize-space()='must not be empty']</arg>
<doc>Waits until the element ``locator`` is enabled.</doc>
<status status="PASS" starttime="20250625 19:02:15.756" endtime="20250625 19:02:15.783"/>
</kw>
<kw name="Page Should Contain Element" library="SeleniumLibrary">
<arg>xpath=//li[normalize-space()='must not be empty']</arg>
<doc>Verifies that element ``locator`` is found on the current page.</doc>
<msg timestamp="20250625 19:02:15.791" level="INFO">Current page contains element 'xpath=//li[normalize-space()='must not be empty']'.</msg>
<status status="PASS" starttime="20250625 19:02:15.784" endtime="20250625 19:02:15.791"/>
</kw>
<kw name="Capture Page Screenshot" library="SeleniumLibrary">
<doc>Takes a screenshot of the current page and embeds it into a log file.</doc>
<msg timestamp="20250625 19:02:16.047" level="INFO" html="true">&lt;/td&gt;&lt;/tr&gt;&lt;tr&gt;&lt;td colspan="3"&gt;&lt;a href="selenium-screenshot-1.png"&gt;&lt;img src="selenium-screenshot-1.png" width="800px"&gt;&lt;/a&gt;</msg>
<status status="PASS" starttime="20250625 19:02:15.791" endtime="20250625 19:02:16.047"/>
</kw>
<kw name="Close Browser" library="SeleniumLibrary">
<doc>Closes the current browser.</doc>
<status status="PASS" starttime="20250625 19:02:16.047" endtime="20250625 19:02:16.229"/>
</kw>
<doc>This test case checks if correct error message is displayed</doc>
<status status="PASS" starttime="20250625 19:02:09.540" endtime="20250625 19:02:16.230"/>
</test>
<test id="s1-t2" name="Create a booking with all the required information">
<kw name="Open Browser" library="SeleniumLibrary">
<arg>https://automationintesting.online/</arg>
<arg>chrome</arg>
<doc>Opens a new browser instance to the optional ``url``.</doc>
<msg timestamp="20250625 19:02:16.233" level="INFO">Opening browser 'chrome' to base url 'https://automationintesting.online/'.</msg>
<status status="PASS" starttime="20250625 19:02:16.232" endtime="20250625 19:02:18.884"/>
</kw>
<kw name="Maximize Browser Window" library="SeleniumLibrary">
<doc>Maximizes current browser window.</doc>
<status status="PASS" starttime="20250625 19:02:18.901" endtime="20250625 19:02:19.432"/>
</kw>
<kw name="Wait Until Element Is Visible" library="SeleniumLibrary">
<arg>xpath=//a[@class='nav-link'][normalize-space()='Rooms']</arg>
<arg>timeout=10s</arg>
<doc>Waits until the element ``locator`` is visible.</doc>
<status status="PASS" starttime="20250625 19:02:19.433" endtime="20250625 19:02:19.472"/>
</kw>
<kw name="Click Element" library="SeleniumLibrary">
<arg>xpath=//button[normalize-space()='Check Availability']</arg>
<doc>Click the element identified by ``locator``.</doc>
<msg timestamp="20250625 19:02:19.472" level="INFO">Clicking element 'xpath=//button[normalize-space()='Check Availability']'.</msg>
<status status="PASS" starttime="20250625 19:02:19.472" endtime="20250625 19:02:19.561"/>
</kw>
<kw name="Wait Until Element Is Visible" library="SeleniumLibrary">
<arg>xpath=(//a[@class='btn btn-primary'][normalize-space()='Book now'])[1]</arg>
<arg>timeout=10</arg>
<doc>Waits until the element ``locator`` is visible.</doc>
<status status="PASS" starttime="20250625 19:02:19.561" endtime="20250625 19:02:19.583"/>
</kw>
<kw name="Scroll Element Into View" library="SeleniumLibrary">
<arg>xpath=(//a[@class='btn btn-primary'][normalize-space()='Book now'])[1]</arg>
<doc>Scrolls the element identified by ``locator`` into view.</doc>
<status status="PASS" starttime="20250625 19:02:19.583" endtime="20250625 19:02:19.865"/>
</kw>
<kw name="Wait Until Element Is Enabled" library="SeleniumLibrary">
<arg>xpath=(//a[@class='btn btn-primary'][normalize-space()='Book now'])[1]</arg>
<arg>timeout=5</arg>
<doc>Waits until the element ``locator`` is enabled.</doc>
<status status="PASS" starttime="20250625 19:02:19.865" endtime="20250625 19:02:19.903"/>
</kw>
<kw name="Click Element" library="SeleniumLibrary">
<arg>xpath=(//a[@class='btn btn-primary'][normalize-space()='Book now'])[1]</arg>
<doc>Click the element identified by ``locator``.</doc>
<msg timestamp="20250625 19:02:19.904" level="INFO">Clicking element 'xpath=(//a[@class='btn btn-primary'][normalize-space()='Book now'])[1]'.</msg>
<status status="PASS" starttime="20250625 19:02:19.903" endtime="20250625 19:02:20.323"/>
</kw>
<kw name="Wait Until Element Is Visible" library="SeleniumLibrary">
<arg>id=doReservation</arg>
<arg>timeout=10</arg>
<doc>Waits until the element ``locator`` is visible.</doc>
<status status="PASS" starttime="20250625 19:02:20.324" endtime="20250625 19:02:21.003"/>
</kw>
<kw name="Scroll Element Into View" library="SeleniumLibrary">
<arg>id=doReservation</arg>
<doc>Scrolls the element identified by ``locator`` into view.</doc>
<status status="PASS" starttime="20250625 19:02:21.003" endtime="20250625 19:02:21.276"/>
</kw>
<kw name="Wait Until Element Is Enabled" library="SeleniumLibrary">
<arg>id=doReservation</arg>
<arg>timeout=5</arg>
<doc>Waits until the element ``locator`` is enabled.</doc>
<status status="PASS" starttime="20250625 19:02:21.277" endtime="20250625 19:02:21.298"/>
</kw>
<kw name="Click Element" library="SeleniumLibrary">
<arg>id=doReservation</arg>
<doc>Click the element identified by ``locator``.</doc>
<msg timestamp="20250625 19:02:21.299" level="INFO">Clicking element 'id=doReservation'.</msg>
<status status="PASS" starttime="20250625 19:02:21.299" endtime="20250625 19:02:21.359"/>
</kw>
<kw name="Input Text" library="SeleniumLibrary">
<arg>xpath=//input[@class='form-control room-firstname']</arg>
<arg>peter</arg>
<doc>Types the given ``text`` into the text field identified by ``locator``.</doc>
<msg timestamp="20250625 19:02:21.360" level="INFO">Typing text 'peter' into text field 'xpath=//input[@class='form-control room-firstname']'.</msg>
<status status="PASS" starttime="20250625 19:02:21.359" endtime="20250625 19:02:21.617"/>
</kw>
<kw name="Input Text" library="SeleniumLibrary">
<arg>xpath=//input[@class="form-control room-lastname"]</arg>
<arg>pan</arg>
<doc>Types the given ``text`` into the text field identified by ``locator``.</doc>
<msg timestamp="20250625 19:02:21.618" level="INFO">Typing text 'pan' into text field 'xpath=//input[@class="form-control room-lastname"]'.</msg>
<status status="PASS" starttime="20250625 19:02:21.618" endtime="20250625 19:02:21.690"/>
</kw>
<kw name="Input Text" library="SeleniumLibrary">
<arg>xpath=//input[@class="form-control room-email"]</arg>
<arg>dash@gmail.com</arg>
<doc>Types the given ``text`` into the text field identified by ``locator``.</doc>
<msg timestamp="20250625 19:02:21.691" level="INFO">Typing text 'dash@gmail.com' into text field 'xpath=//input[@class="form-control room-email"]'.</msg>
<status status="PASS" starttime="20250625 19:02:21.690" endtime="20250625 19:02:21.781"/>
</kw>
<kw name="Input Text" library="SeleniumLibrary">
<arg>xpath=//input[@class="form-control room-phone"]</arg>
<arg>08765476542</arg>
<doc>Types the given ``text`` into the text field identified by ``locator``.</doc>
<msg timestamp="20250625 19:02:21.782" level="INFO">Typing text '08765476542' into text field 'xpath=//input[@class="form-control room-phone"]'.</msg>
<status status="PASS" starttime="20250625 19:02:21.781" endtime="20250625 19:02:21.877"/>
</kw>
<kw name="Click Element" library="SeleniumLibrary">
<arg>xpath=//button[ text() = 'Reserve Now']</arg>
<doc>Click the element identified by ``locator``.</doc>
<msg timestamp="20250625 19:02:21.878" level="INFO">Clicking element 'xpath=//button[ text() = 'Reserve Now']'.</msg>
<status status="PASS" starttime="20250625 19:02:21.878" endtime="20250625 19:02:21.971"/>
</kw>
<kw name="Wait Until Element Is Visible" library="SeleniumLibrary">
<arg>xpath=//h2[normalize-space()='Booking Confirmed']</arg>
<arg>timeout=10</arg>
<doc>Waits until the element ``locator`` is visible.</doc>
<status status="PASS" starttime="20250625 19:02:21.971" endtime="20250625 19:02:22.204"/>
</kw>
<kw name="Wait Until Element Is Enabled" library="SeleniumLibrary">
<arg>xpath=//h2[normalize-space()='Booking Confirmed']</arg>
<doc>Waits until the element ``locator`` is enabled.</doc>
<status status="PASS" starttime="20250625 19:02:22.204" endtime="20250625 19:02:22.238"/>
</kw>
<kw name="Page Should Contain Element" library="SeleniumLibrary">
<arg>xpath=//h2[normalize-space()='Booking Confirmed']</arg>
<doc>Verifies that element ``locator`` is found on the current page.</doc>
<msg timestamp="20250625 19:02:22.246" level="INFO">Current page contains element 'xpath=//h2[normalize-space()='Booking Confirmed']'.</msg>
<status status="PASS" starttime="20250625 19:02:22.238" endtime="20250625 19:02:22.246"/>
</kw>
<kw name="Capture Page Screenshot" library="SeleniumLibrary">
<doc>Takes a screenshot of the current page and embeds it into a log file.</doc>
<msg timestamp="20250625 19:02:22.432" level="INFO" html="true">&lt;/td&gt;&lt;/tr&gt;&lt;tr&gt;&lt;td colspan="3"&gt;&lt;a href="selenium-screenshot-2.png"&gt;&lt;img src="selenium-screenshot-2.png" width="800px"&gt;&lt;/a&gt;</msg>
<status status="PASS" starttime="20250625 19:02:22.246" endtime="20250625 19:02:22.432"/>
</kw>
<kw name="Close Browser" library="SeleniumLibrary">
<doc>Closes the current browser.</doc>
<status status="PASS" starttime="20250625 19:02:22.432" endtime="20250625 19:02:22.615"/>
</kw>
<doc>This test case checks if the user can create a booking successfully.</doc>
<status status="PASS" starttime="20250625 19:02:16.231" endtime="20250625 19:02:22.616"/>
</test>
<test id="s1-t3" name="Should be able to Delete a booking">
<kw name="Open Browser" library="SeleniumLibrary">
<arg>https://automationintesting.online/</arg>
<arg>chrome</arg>
<doc>Opens a new browser instance to the optional ``url``.</doc>
<msg timestamp="20250625 19:02:22.618" level="INFO">Opening browser 'chrome' to base url 'https://automationintesting.online/'.</msg>
<status status="PASS" starttime="20250625 19:02:22.618" endtime="20250625 19:02:25.248"/>
</kw>
<kw name="Maximize Browser Window" library="SeleniumLibrary">
<doc>Maximizes current browser window.</doc>
<status status="PASS" starttime="20250625 19:02:25.248" endtime="20250625 19:02:25.664"/>
</kw>
<kw name="Wait Until Element Is Visible" library="SeleniumLibrary">
<arg>xpath=//a[@class='nav-link'][normalize-space()='Rooms']</arg>
<arg>timeout=10s</arg>
<doc>Waits until the element ``locator`` is visible.</doc>
<status status="PASS" starttime="20250625 19:02:25.665" endtime="20250625 19:02:25.768"/>
</kw>
<kw name="Click Element" library="SeleniumLibrary">
<arg>xpath=//a[@class='nav-link'][normalize-space()='Contact']</arg>
<doc>Click the element identified by ``locator``.</doc>
<msg timestamp="20250625 19:02:25.769" level="INFO">Clicking element 'xpath=//a[@class='nav-link'][normalize-space()='Contact']'.</msg>
<status status="PASS" starttime="20250625 19:02:25.768" endtime="20250625 19:02:25.873"/>
</kw>
<kw name="Input Text" library="SeleniumLibrary">
<arg>id=name</arg>
<arg>molly</arg>
<doc>Types the given ``text`` into the text field identified by ``locator``.</doc>
<msg timestamp="20250625 19:02:25.874" level="INFO">Typing text 'molly' into text field 'id=name'.</msg>
<status status="PASS" starttime="20250625 19:02:25.873" endtime="20250625 19:02:26.190"/>
</kw>
<kw name="Input Text" library="SeleniumLibrary">
<arg>id=email</arg>
<arg>dash@gmail.com</arg>
<doc>Types the given ``text`` into the text field identified by ``locator``.</doc>
<msg timestamp="20250625 19:02:26.192" level="INFO">Typing text 'dash@gmail.com' into text field 'id=email'.</msg>
<status status="PASS" starttime="20250625 19:02:26.190" endtime="20250625 19:02:26.333"/>
</kw>
<kw name="Input Text" library="SeleniumLibrary">
<arg>id=phone</arg>
<arg>08765476542</arg>
<doc>Types the given ``text`` into the text field identified by ``locator``.</doc>
<msg timestamp="20250625 19:02:26.339" level="INFO">Typing text '08765476542' into text field 'id=phone'.</msg>
<status status="PASS" starttime="20250625 19:02:26.338" endtime="20250625 19:02:26.454"/>
</kw>
<kw name="Input Text" library="SeleniumLibrary">
<arg>id=subject</arg>
<arg>booking cancellation</arg>
<doc>Types the given ``text`` into the text field identified by ``locator``.</doc>
<msg timestamp="20250625 19:02:26.455" level="INFO">Typing text 'booking cancellation' into text field 'id=subject'.</msg>
<status status="PASS" starttime="20250625 19:02:26.454" endtime="20250625 19:02:26.581"/>
</kw>
<kw name="Input Text" library="SeleniumLibrary">
<arg>id=description</arg>
<arg>I would like to cancel my booking.</arg>
<doc>Types the given ``text`` into the text field identified by ``locator``.</doc>
<msg timestamp="20250625 19:02:26.582" level="INFO">Typing text 'I would like to cancel my booking.' into text field 'id=description'.</msg>
<status status="PASS" starttime="20250625 19:02:26.581" endtime="20250625 19:02:26.696"/>
</kw>
<kw name="Scroll Element Into View" library="SeleniumLibrary">
<arg>xpath=//button[normalize-space()='Submit']</arg>
<doc>Scrolls the element identified by ``locator`` into view.</doc>
<status status="PASS" starttime="20250625 19:02:26.697" endtime="20250625 19:02:26.980"/>
</kw>
<kw name="Wait Until Element Is Enabled" library="SeleniumLibrary">
<arg>xpath=//button[normalize-space()='Submit']</arg>
<arg>timeout=5</arg>
<doc>Waits until the element ``locator`` is enabled.</doc>
<status status="PASS" starttime="20250625 19:02:26.980" endtime="20250625 19:02:27.006"/>
</kw>
<kw name="Wait Until Element Is Visible" library="SeleniumLibrary">
<arg>xpath=//button[normalize-space()='Submit']</arg>
<doc>Waits until the element ``locator`` is visible.</doc>
<status status="PASS" starttime="20250625 19:02:27.006" endtime="20250625 19:02:27.023"/>
</kw>
<kw name="Click Element" library="SeleniumLibrary">
<arg>xpath=//button[normalize-space()='Submit']</arg>
<doc>Click the element identified by ``locator``.</doc>
<msg timestamp="20250625 19:02:27.024" level="INFO">Clicking element 'xpath=//button[normalize-space()='Submit']'.</msg>
<status status="PASS" starttime="20250625 19:02:27.024" endtime="20250625 19:02:27.113"/>
</kw>
<kw name="Wait Until Element Is Visible" library="SeleniumLibrary">
<arg>xpath=//h3[contains(normalize-space(), 'Thanks for getting in touch')]</arg>
<arg>timeout=10</arg>
<doc>Waits until the element ``locator`` is visible.</doc>
<status status="PASS" starttime="20250625 19:02:27.113" endtime="20250625 19:02:27.345"/>
</kw>
<kw name="Wait Until Element Is Enabled" library="SeleniumLibrary">
<arg>xpath=//h3[contains(normalize-space(), 'Thanks for getting in touch')]</arg>
<doc>Waits until the element ``locator`` is enabled.</doc>
<status status="PASS" starttime="20250625 19:02:27.345" endtime="20250625 19:02:27.380"/>
</kw>
<kw name="Page Should Contain Element" library="SeleniumLibrary">
<arg>xpath=//h3[contains(normalize-space(), 'Thanks for getting in touch')]</arg>
<doc>Verifies that element ``locator`` is found on the current page.</doc>
<msg timestamp="20250625 19:02:27.387" level="INFO">Current page contains element 'xpath=//h3[contains(normalize-space(), 'Thanks for getting in touch')]'.</msg>
<status status="PASS" starttime="20250625 19:02:27.380" endtime="20250625 19:02:27.387"/>
</kw>
<kw name="Capture Page Screenshot" library="SeleniumLibrary">
<doc>Takes a screenshot of the current page and embeds it into a log file.</doc>
<msg timestamp="20250625 19:02:27.522" level="INFO" html="true">&lt;/td&gt;&lt;/tr&gt;&lt;tr&gt;&lt;td colspan="3"&gt;&lt;a href="selenium-screenshot-3.png"&gt;&lt;img src="selenium-screenshot-3.png" width="800px"&gt;&lt;/a&gt;</msg>
<status status="PASS" starttime="20250625 19:02:27.387" endtime="20250625 19:02:27.523"/>
</kw>
<kw name="Close Browser" library="SeleniumLibrary">
<doc>Closes the current browser.</doc>
<status status="PASS" starttime="20250625 19:02:27.523" endtime="20250625 19:02:27.696"/>
</kw>
<doc>This test case checks if the user can delete a booking successfully.</doc>
<status status="PASS" starttime="20250625 19:02:22.617" endtime="20250625 19:02:27.696"/>
</test>
<doc>This is to test the login functionality of the application.</doc>
<status status="PASS" starttime="20250625 19:02:08.466" endtime="20250625 19:02:27.698"/>
</suite>
<statistics>
<total>
<stat pass="3" fail="0" skip="0">All Tests</stat>
</total>
<tag>
</tag>
<suite>
<stat pass="3" fail="0" skip="0" id="s1" name="Booker uat">Booker uat</stat>
</suite>
</statistics>
<errors>
</errors>
</robot>
